[2024-08-10T07:29:32.631+0000] {local_task_job_runner.py:120} INFO - ::group::Pre task execution logs
[2024-08-10T07:29:32.643+0000] {taskinstance.py:2076} INFO - Dependencies all met for dep_context=non-requeueable deps ti=<TaskInstance: ETLWeatherPostgresAndPrint.query_print manual__2024-08-10T07:29:28.592270+00:00 [queued]>
[2024-08-10T07:29:32.648+0000] {taskinstance.py:2076} INFO - Dependencies all met for dep_context=requeueable deps ti=<TaskInstance: ETLWeatherPostgresAndPrint.query_print manual__2024-08-10T07:29:28.592270+00:00 [queued]>
[2024-08-10T07:29:32.648+0000] {taskinstance.py:2306} INFO - Starting attempt 1 of 1
[2024-08-10T07:29:32.653+0000] {taskinstance.py:2330} INFO - Executing <Task(_PythonDecoratedOperator): query_print> on 2024-08-10 07:29:28.592270+00:00
[2024-08-10T07:29:32.657+0000] {warnings.py:112} WARNING - /home/***/.local/lib/python3.12/site-packages/***/task/task_runner/standard_task_runner.py:62: DeprecationWarning: This process (pid=2074) is multi-threaded, use of fork() may lead to deadlocks in the child.
  pid = os.fork()

[2024-08-10T07:29:32.658+0000] {standard_task_runner.py:64} INFO - Started process 2078 to run task
[2024-08-10T07:29:32.658+0000] {standard_task_runner.py:90} INFO - Running: ['***', 'tasks', 'run', 'ETLWeatherPostgresAndPrint', 'query_print', 'manual__2024-08-10T07:29:28.592270+00:00', '--job-id', '28', '--raw', '--subdir', 'DAGS_FOLDER/03_ETLWeatherPostgresAndPrint.py', '--cfg-path', '/tmp/tmppiclumg0']
[2024-08-10T07:29:32.659+0000] {standard_task_runner.py:91} INFO - Job 28: Subtask query_print
[2024-08-10T07:29:32.681+0000] {task_command.py:426} INFO - Running <TaskInstance: ETLWeatherPostgresAndPrint.query_print manual__2024-08-10T07:29:28.592270+00:00 [running]> on host 101007b4e0e8
[2024-08-10T07:29:32.723+0000] {taskinstance.py:2648} INFO - Exporting env vars: AIRFLOW_CTX_DAG_OWNER='***' AIRFLOW_CTX_DAG_ID='ETLWeatherPostgresAndPrint' AIRFLOW_CTX_TASK_ID='query_print' AIRFLOW_CTX_EXECUTION_DATE='2024-08-10T07:29:28.592270+00:00' AIRFLOW_CTX_TRY_NUMBER='1' AIRFLOW_CTX_DAG_RUN_ID='manual__2024-08-10T07:29:28.592270+00:00'
[2024-08-10T07:29:32.723+0000] {taskinstance.py:430} INFO - ::endgroup::
[2024-08-10T07:29:32.724+0000] {logging_mixin.py:188} INFO - [{'location': 'Seoul', 'temp_c': 33.3, 'wind_kph': 12.6, 'timestamp': '2024-08-10T07:27:54+09:00'}]
[2024-08-10T07:29:32.724+0000] {python.py:237} INFO - Done. Returned value was: None
[2024-08-10T07:29:32.724+0000] {taskinstance.py:441} INFO - ::group::Post task execution logs
[2024-08-10T07:29:32.727+0000] {taskinstance.py:1206} INFO - Marking task as SUCCESS. dag_id=ETLWeatherPostgresAndPrint, task_id=query_print, run_id=manual__2024-08-10T07:29:28.592270+00:00, execution_date=20240810T072928, start_date=20240810T072932, end_date=20240810T072932
[2024-08-10T07:29:32.759+0000] {local_task_job_runner.py:243} INFO - Task exited with return code 0
[2024-08-10T07:29:32.771+0000] {taskinstance.py:3503} INFO - 0 downstream tasks scheduled from follow-on schedule check
[2024-08-10T07:29:32.771+0000] {local_task_job_runner.py:222} INFO - ::endgroup::
