[2024-08-10T07:15:53.450+0000] {local_task_job_runner.py:120} INFO - ::group::Pre task execution logs
[2024-08-10T07:15:53.461+0000] {taskinstance.py:2076} INFO - Dependencies all met for dep_context=non-requeueable deps ti=<TaskInstance: ETLWeatherPostgres.load manual__2024-08-10T07:15:49.558832+00:00 [queued]>
[2024-08-10T07:15:53.464+0000] {taskinstance.py:2076} INFO - Dependencies all met for dep_context=requeueable deps ti=<TaskInstance: ETLWeatherPostgres.load manual__2024-08-10T07:15:49.558832+00:00 [queued]>
[2024-08-10T07:15:53.465+0000] {taskinstance.py:2306} INFO - Starting attempt 1 of 1
[2024-08-10T07:15:53.469+0000] {taskinstance.py:2330} INFO - Executing <Task(_PythonDecoratedOperator): load> on 2024-08-10 07:15:49.558832+00:00
[2024-08-10T07:15:53.473+0000] {warnings.py:112} WARNING - /home/***/.local/lib/python3.12/site-packages/***/task/task_runner/standard_task_runner.py:62: DeprecationWarning: This process (pid=1882) is multi-threaded, use of fork() may lead to deadlocks in the child.
  pid = os.fork()

[2024-08-10T07:15:53.474+0000] {standard_task_runner.py:64} INFO - Started process 1884 to run task
[2024-08-10T07:15:53.474+0000] {standard_task_runner.py:90} INFO - Running: ['***', 'tasks', 'run', 'ETLWeatherPostgres', 'load', 'manual__2024-08-10T07:15:49.558832+00:00', '--job-id', '24', '--raw', '--subdir', 'DAGS_FOLDER/02_ETLWeatherPostgres.py', '--cfg-path', '/tmp/tmpoxwiv7c_']
[2024-08-10T07:15:53.475+0000] {standard_task_runner.py:91} INFO - Job 24: Subtask load
[2024-08-10T07:15:53.495+0000] {task_command.py:426} INFO - Running <TaskInstance: ETLWeatherPostgres.load manual__2024-08-10T07:15:49.558832+00:00 [running]> on host 101007b4e0e8
[2024-08-10T07:15:53.531+0000] {taskinstance.py:2648} INFO - Exporting env vars: AIRFLOW_CTX_DAG_OWNER='***' AIRFLOW_CTX_DAG_ID='ETLWeatherPostgres' AIRFLOW_CTX_TASK_ID='load' AIRFLOW_CTX_EXECUTION_DATE='2024-08-10T07:15:49.558832+00:00' AIRFLOW_CTX_TRY_NUMBER='1' AIRFLOW_CTX_DAG_RUN_ID='manual__2024-08-10T07:15:49.558832+00:00'
[2024-08-10T07:15:53.532+0000] {taskinstance.py:430} INFO - ::endgroup::
[2024-08-10T07:15:53.534+0000] {logging_mixin.py:188} INFO - 1 Record inserted successfully into table
[2024-08-10T07:15:53.534+0000] {logging_mixin.py:188} INFO - PostgreSQL Connection Closed
[2024-08-10T07:15:53.534+0000] {python.py:237} INFO - Done. Returned value was: None
[2024-08-10T07:15:53.534+0000] {taskinstance.py:441} INFO - ::group::Post task execution logs
[2024-08-10T07:15:53.538+0000] {taskinstance.py:1206} INFO - Marking task as SUCCESS. dag_id=ETLWeatherPostgres, task_id=load, run_id=manual__2024-08-10T07:15:49.558832+00:00, execution_date=20240810T071549, start_date=20240810T071553, end_date=20240810T071553
[2024-08-10T07:15:53.574+0000] {local_task_job_runner.py:243} INFO - Task exited with return code 0
[2024-08-10T07:15:53.582+0000] {taskinstance.py:3503} INFO - 0 downstream tasks scheduled from follow-on schedule check
[2024-08-10T07:15:53.583+0000] {local_task_job_runner.py:222} INFO - ::endgroup::
