[2024-08-10T06:15:45.571+0000] {local_task_job_runner.py:120} INFO - ::group::Pre task execution logs
[2024-08-10T06:15:45.585+0000] {taskinstance.py:2076} INFO - Dependencies all met for dep_context=non-requeueable deps ti=<TaskInstance: ETLWeatherPrintAirflow2.load scheduled__2024-08-10T05:00:00+00:00 [queued]>
[2024-08-10T06:15:45.591+0000] {taskinstance.py:2076} INFO - Dependencies all met for dep_context=requeueable deps ti=<TaskInstance: ETLWeatherPrintAirflow2.load scheduled__2024-08-10T05:00:00+00:00 [queued]>
[2024-08-10T06:15:45.591+0000] {taskinstance.py:2306} INFO - Starting attempt 1 of 1
[2024-08-10T06:15:45.598+0000] {taskinstance.py:2330} INFO - Executing <Task(PythonOperator): load> on 2024-08-10 05:00:00+00:00
[2024-08-10T06:15:45.601+0000] {warnings.py:112} WARNING - /home/***/.local/lib/python3.12/site-packages/***/task/task_runner/standard_task_runner.py:62: DeprecationWarning: This process (pid=1034) is multi-threaded, use of fork() may lead to deadlocks in the child.
  pid = os.fork()

[2024-08-10T06:15:45.602+0000] {standard_task_runner.py:64} INFO - Started process 1038 to run task
[2024-08-10T06:15:45.602+0000] {standard_task_runner.py:90} INFO - Running: ['***', 'tasks', 'run', 'ETLWeatherPrintAirflow2', 'load', 'scheduled__2024-08-10T05:00:00+00:00', '--job-id', '8', '--raw', '--subdir', 'DAGS_FOLDER/00_ETLWeatherPrintAirflow2.py', '--cfg-path', '/tmp/tmp19a066if']
[2024-08-10T06:15:45.603+0000] {standard_task_runner.py:91} INFO - Job 8: Subtask load
[2024-08-10T06:15:45.625+0000] {task_command.py:426} INFO - Running <TaskInstance: ETLWeatherPrintAirflow2.load scheduled__2024-08-10T05:00:00+00:00 [running]> on host 101007b4e0e8
[2024-08-10T06:15:45.661+0000] {taskinstance.py:2648} INFO - Exporting env vars: AIRFLOW_CTX_DAG_OWNER='***' AIRFLOW_CTX_DAG_ID='ETLWeatherPrintAirflow2' AIRFLOW_CTX_TASK_ID='load' AIRFLOW_CTX_EXECUTION_DATE='2024-08-10T05:00:00+00:00' AIRFLOW_CTX_TRY_NUMBER='1' AIRFLOW_CTX_DAG_RUN_ID='scheduled__2024-08-10T05:00:00+00:00'
[2024-08-10T06:15:45.662+0000] {taskinstance.py:430} INFO - ::endgroup::
[2024-08-10T06:15:45.667+0000] {00_ETLWeatherPrintAirflow2.py:52} INFO - ex_json
[2024-08-10T06:15:45.668+0000] {python.py:237} INFO - Done. Returned value was: None
[2024-08-10T06:15:45.668+0000] {taskinstance.py:441} INFO - ::group::Post task execution logs
[2024-08-10T06:15:45.672+0000] {taskinstance.py:1206} INFO - Marking task as SUCCESS. dag_id=ETLWeatherPrintAirflow2, task_id=load, run_id=scheduled__2024-08-10T05:00:00+00:00, execution_date=20240810T050000, start_date=20240810T061545, end_date=20240810T061545
[2024-08-10T06:15:45.701+0000] {local_task_job_runner.py:243} INFO - Task exited with return code 0
[2024-08-10T06:15:45.709+0000] {taskinstance.py:3503} INFO - 0 downstream tasks scheduled from follow-on schedule check
[2024-08-10T06:15:45.710+0000] {local_task_job_runner.py:222} INFO - ::endgroup::
