[2024-08-10T07:29:31.311+0000] {local_task_job_runner.py:120} INFO - ::group::Pre task execution logs
[2024-08-10T07:29:31.322+0000] {taskinstance.py:2076} INFO - Dependencies all met for dep_context=non-requeueable deps ti=<TaskInstance: ETLWeatherPostgresAndPrint.transform manual__2024-08-10T07:29:28.592270+00:00 [queued]>
[2024-08-10T07:29:31.325+0000] {taskinstance.py:2076} INFO - Dependencies all met for dep_context=requeueable deps ti=<TaskInstance: ETLWeatherPostgresAndPrint.transform manual__2024-08-10T07:29:28.592270+00:00 [queued]>
[2024-08-10T07:29:31.325+0000] {taskinstance.py:2306} INFO - Starting attempt 1 of 1
[2024-08-10T07:29:31.330+0000] {taskinstance.py:2330} INFO - Executing <Task(_PythonDecoratedOperator): transform> on 2024-08-10 07:29:28.592270+00:00
[2024-08-10T07:29:31.335+0000] {standard_task_runner.py:90} INFO - Running: ['***', 'tasks', 'run', 'ETLWeatherPostgresAndPrint', 'transform', 'manual__2024-08-10T07:29:28.592270+00:00', '--job-id', '26', '--raw', '--subdir', 'DAGS_FOLDER/03_ETLWeatherPostgresAndPrint.py', '--cfg-path', '/tmp/tmpa0je3t_g']
[2024-08-10T07:29:31.336+0000] {standard_task_runner.py:91} INFO - Job 26: Subtask transform
[2024-08-10T07:29:31.333+0000] {warnings.py:112} WARNING - /home/***/.local/lib/python3.12/site-packages/***/task/task_runner/standard_task_runner.py:62: DeprecationWarning: This process (pid=2070) is multi-threaded, use of fork() may lead to deadlocks in the child.
  pid = os.fork()

[2024-08-10T07:29:31.337+0000] {standard_task_runner.py:64} INFO - Started process 2072 to run task
[2024-08-10T07:29:31.356+0000] {task_command.py:426} INFO - Running <TaskInstance: ETLWeatherPostgresAndPrint.transform manual__2024-08-10T07:29:28.592270+00:00 [running]> on host 101007b4e0e8
[2024-08-10T07:29:31.395+0000] {taskinstance.py:2648} INFO - Exporting env vars: AIRFLOW_CTX_DAG_OWNER='***' AIRFLOW_CTX_DAG_ID='ETLWeatherPostgresAndPrint' AIRFLOW_CTX_TASK_ID='transform' AIRFLOW_CTX_EXECUTION_DATE='2024-08-10T07:29:28.592270+00:00' AIRFLOW_CTX_TRY_NUMBER='1' AIRFLOW_CTX_DAG_RUN_ID='manual__2024-08-10T07:29:28.592270+00:00'
[2024-08-10T07:29:31.396+0000] {taskinstance.py:430} INFO - ::endgroup::
[2024-08-10T07:29:31.396+0000] {logging_mixin.py:188} INFO - {"location": {"name": "Seoul", "region": "", "country": "South Korea", "lat": 37.57, "lon": 127.0, "tz_id": "Asia/Seoul", "localtime_epoch": 1723274874, "localtime": "2024-08-10 16:27"}, "current": {"last_updated_epoch": 1723274100, "last_updated": "2024-08-10 16:15", "temp_c": 33.3, "temp_f": 92.0, "is_day": 1, "condition": {"text": "Cloudy", "icon": "//cdn.weatherapi.com/weather/64x64/day/119.png", "code": 1006}, "wind_mph": 7.8, "wind_kph": 12.6, "wind_degree": 235, "wind_dir": "SW", "pressure_mb": 1002.0, "pressure_in": 29.59, "precip_mm": 0.0, "precip_in": 0.0, "humidity": 52, "cloud": 84, "feelslike_c": 38.0, "feelslike_f": 100.4, "windchill_c": 33.3, "windchill_f": 92.0, "heatindex_c": 38.0, "heatindex_f": 100.4, "dewpoint_c": 22.1, "dewpoint_f": 71.7, "vis_km": 10.0, "vis_miles": 6.0, "uv": 7.0, "gust_mph": 9.0, "gust_kph": 14.5}}
[2024-08-10T07:29:31.400+0000] {python.py:237} INFO - Done. Returned value was: [{'location': 'Seoul', 'temp_c': 33.3, 'wind_kph': 12.6, 'timestamp': '2024-08-10T07:27:54+09:00'}]
[2024-08-10T07:29:31.400+0000] {taskinstance.py:441} INFO - ::group::Post task execution logs
[2024-08-10T07:29:31.409+0000] {taskinstance.py:1206} INFO - Marking task as SUCCESS. dag_id=ETLWeatherPostgresAndPrint, task_id=transform, run_id=manual__2024-08-10T07:29:28.592270+00:00, execution_date=20240810T072928, start_date=20240810T072931, end_date=20240810T072931
[2024-08-10T07:29:31.436+0000] {local_task_job_runner.py:243} INFO - Task exited with return code 0
[2024-08-10T07:29:31.446+0000] {taskinstance.py:3503} INFO - 2 downstream tasks scheduled from follow-on schedule check
[2024-08-10T07:29:31.447+0000] {local_task_job_runner.py:222} INFO - ::endgroup::
