[2024-08-10T07:14:09.540+0000] {processor.py:161} INFO - Started process (PID=15414) to work on /opt/airflow/dags/02_ETLWeatherPostgres.py
[2024-08-10T07:14:09.541+0000] {processor.py:830} INFO - Processing file /opt/airflow/dags/02_ETLWeatherPostgres.py for tasks to queue
[2024-08-10T07:14:09.542+0000] {logging_mixin.py:188} INFO - [2024-08-10T07:14:09.542+0000] {dagbag.py:545} INFO - Filling up the DagBag from /opt/airflow/dags/02_ETLWeatherPostgres.py
[2024-08-10T07:14:09.703+0000] {processor.py:840} INFO - DAG(s) 'ETLWeatherPostgres' retrieved from /opt/airflow/dags/02_ETLWeatherPostgres.py
[2024-08-10T07:14:09.837+0000] {logging_mixin.py:188} INFO - [2024-08-10T07:14:09.836+0000] {override.py:1858} INFO - Created Permission View: can edit on DAG:ETLWeatherPostgres
[2024-08-10T07:14:09.841+0000] {logging_mixin.py:188} INFO - [2024-08-10T07:14:09.841+0000] {override.py:1858} INFO - Created Permission View: can delete on DAG:ETLWeatherPostgres
[2024-08-10T07:14:09.844+0000] {logging_mixin.py:188} INFO - [2024-08-10T07:14:09.843+0000] {override.py:1858} INFO - Created Permission View: can read on DAG:ETLWeatherPostgres
[2024-08-10T07:14:09.844+0000] {logging_mixin.py:188} INFO - [2024-08-10T07:14:09.844+0000] {dag.py:3089} INFO - Sync 1 DAGs
[2024-08-10T07:14:09.849+0000] {logging_mixin.py:188} INFO - [2024-08-10T07:14:09.849+0000] {dag.py:3111} INFO - Creating ORM DAG for ETLWeatherPostgres
[2024-08-10T07:14:09.851+0000] {logging_mixin.py:188} INFO - [2024-08-10T07:14:09.851+0000] {dag.py:3947} INFO - Setting next_dagrun for ETLWeatherPostgres to None, run_after=None
[2024-08-10T07:14:09.862+0000] {processor.py:183} INFO - Processing /opt/airflow/dags/02_ETLWeatherPostgres.py took 0.325 seconds
[2024-08-10T07:14:39.982+0000] {processor.py:161} INFO - Started process (PID=15485) to work on /opt/airflow/dags/02_ETLWeatherPostgres.py
[2024-08-10T07:14:39.982+0000] {processor.py:830} INFO - Processing file /opt/airflow/dags/02_ETLWeatherPostgres.py for tasks to queue
[2024-08-10T07:14:39.983+0000] {logging_mixin.py:188} INFO - [2024-08-10T07:14:39.983+0000] {dagbag.py:545} INFO - Filling up the DagBag from /opt/airflow/dags/02_ETLWeatherPostgres.py
[2024-08-10T07:14:40.149+0000] {processor.py:840} INFO - DAG(s) 'ETLWeatherPostgres' retrieved from /opt/airflow/dags/02_ETLWeatherPostgres.py
[2024-08-10T07:14:40.161+0000] {logging_mixin.py:188} INFO - [2024-08-10T07:14:40.160+0000] {dag.py:3089} INFO - Sync 1 DAGs
[2024-08-10T07:14:40.167+0000] {logging_mixin.py:188} INFO - [2024-08-10T07:14:40.167+0000] {dag.py:3947} INFO - Setting next_dagrun for ETLWeatherPostgres to None, run_after=None
[2024-08-10T07:14:40.269+0000] {processor.py:183} INFO - Processing /opt/airflow/dags/02_ETLWeatherPostgres.py took 0.290 seconds
[2024-08-10T07:15:10.306+0000] {processor.py:161} INFO - Started process (PID=15554) to work on /opt/airflow/dags/02_ETLWeatherPostgres.py
[2024-08-10T07:15:10.308+0000] {processor.py:830} INFO - Processing file /opt/airflow/dags/02_ETLWeatherPostgres.py for tasks to queue
[2024-08-10T07:15:10.308+0000] {logging_mixin.py:188} INFO - [2024-08-10T07:15:10.308+0000] {dagbag.py:545} INFO - Filling up the DagBag from /opt/airflow/dags/02_ETLWeatherPostgres.py
[2024-08-10T07:15:10.470+0000] {processor.py:840} INFO - DAG(s) 'ETLWeatherPostgres' retrieved from /opt/airflow/dags/02_ETLWeatherPostgres.py
[2024-08-10T07:15:10.483+0000] {logging_mixin.py:188} INFO - [2024-08-10T07:15:10.483+0000] {dag.py:3089} INFO - Sync 1 DAGs
[2024-08-10T07:15:10.489+0000] {logging_mixin.py:188} INFO - [2024-08-10T07:15:10.489+0000] {dag.py:3947} INFO - Setting next_dagrun for ETLWeatherPostgres to None, run_after=None
[2024-08-10T07:15:10.500+0000] {processor.py:183} INFO - Processing /opt/airflow/dags/02_ETLWeatherPostgres.py took 0.197 seconds
[2024-08-10T07:15:32.126+0000] {processor.py:161} INFO - Started process (PID=15580) to work on /opt/airflow/dags/02_ETLWeatherPostgres.py
[2024-08-10T07:15:32.127+0000] {processor.py:830} INFO - Processing file /opt/airflow/dags/02_ETLWeatherPostgres.py for tasks to queue
[2024-08-10T07:15:32.127+0000] {logging_mixin.py:188} INFO - [2024-08-10T07:15:32.127+0000] {dagbag.py:545} INFO - Filling up the DagBag from /opt/airflow/dags/02_ETLWeatherPostgres.py
[2024-08-10T07:15:32.282+0000] {processor.py:840} INFO - DAG(s) 'ETLWeatherPostgres' retrieved from /opt/airflow/dags/02_ETLWeatherPostgres.py
[2024-08-10T07:15:32.293+0000] {logging_mixin.py:188} INFO - [2024-08-10T07:15:32.292+0000] {dag.py:3089} INFO - Sync 1 DAGs
[2024-08-10T07:15:32.299+0000] {logging_mixin.py:188} INFO - [2024-08-10T07:15:32.299+0000] {dag.py:3947} INFO - Setting next_dagrun for ETLWeatherPostgres to None, run_after=None
[2024-08-10T07:15:32.310+0000] {processor.py:183} INFO - Processing /opt/airflow/dags/02_ETLWeatherPostgres.py took 0.187 seconds
[2024-08-10T07:16:02.371+0000] {processor.py:161} INFO - Started process (PID=15645) to work on /opt/airflow/dags/02_ETLWeatherPostgres.py
[2024-08-10T07:16:02.372+0000] {processor.py:830} INFO - Processing file /opt/airflow/dags/02_ETLWeatherPostgres.py for tasks to queue
[2024-08-10T07:16:02.372+0000] {logging_mixin.py:188} INFO - [2024-08-10T07:16:02.372+0000] {dagbag.py:545} INFO - Filling up the DagBag from /opt/airflow/dags/02_ETLWeatherPostgres.py
[2024-08-10T07:16:02.524+0000] {processor.py:840} INFO - DAG(s) 'ETLWeatherPostgres' retrieved from /opt/airflow/dags/02_ETLWeatherPostgres.py
[2024-08-10T07:16:02.535+0000] {logging_mixin.py:188} INFO - [2024-08-10T07:16:02.535+0000] {dag.py:3089} INFO - Sync 1 DAGs
[2024-08-10T07:16:02.618+0000] {logging_mixin.py:188} INFO - [2024-08-10T07:16:02.618+0000] {dag.py:3947} INFO - Setting next_dagrun for ETLWeatherPostgres to None, run_after=None
[2024-08-10T07:16:02.626+0000] {processor.py:183} INFO - Processing /opt/airflow/dags/02_ETLWeatherPostgres.py took 0.259 seconds
[2024-08-10T07:16:32.710+0000] {processor.py:161} INFO - Started process (PID=15711) to work on /opt/airflow/dags/02_ETLWeatherPostgres.py
[2024-08-10T07:16:32.711+0000] {processor.py:830} INFO - Processing file /opt/airflow/dags/02_ETLWeatherPostgres.py for tasks to queue
[2024-08-10T07:16:32.712+0000] {logging_mixin.py:188} INFO - [2024-08-10T07:16:32.711+0000] {dagbag.py:545} INFO - Filling up the DagBag from /opt/airflow/dags/02_ETLWeatherPostgres.py
[2024-08-10T07:16:32.867+0000] {processor.py:840} INFO - DAG(s) 'ETLWeatherPostgres' retrieved from /opt/airflow/dags/02_ETLWeatherPostgres.py
[2024-08-10T07:16:32.879+0000] {logging_mixin.py:188} INFO - [2024-08-10T07:16:32.879+0000] {dag.py:3089} INFO - Sync 1 DAGs
[2024-08-10T07:16:32.884+0000] {logging_mixin.py:188} INFO - [2024-08-10T07:16:32.884+0000] {dag.py:3947} INFO - Setting next_dagrun for ETLWeatherPostgres to None, run_after=None
[2024-08-10T07:16:32.892+0000] {processor.py:183} INFO - Processing /opt/airflow/dags/02_ETLWeatherPostgres.py took 0.190 seconds
[2024-08-10T07:17:02.934+0000] {processor.py:161} INFO - Started process (PID=15777) to work on /opt/airflow/dags/02_ETLWeatherPostgres.py
[2024-08-10T07:17:02.935+0000] {processor.py:830} INFO - Processing file /opt/airflow/dags/02_ETLWeatherPostgres.py for tasks to queue
[2024-08-10T07:17:02.936+0000] {logging_mixin.py:188} INFO - [2024-08-10T07:17:02.935+0000] {dagbag.py:545} INFO - Filling up the DagBag from /opt/airflow/dags/02_ETLWeatherPostgres.py
[2024-08-10T07:17:03.090+0000] {processor.py:840} INFO - DAG(s) 'ETLWeatherPostgres' retrieved from /opt/airflow/dags/02_ETLWeatherPostgres.py
[2024-08-10T07:17:03.100+0000] {logging_mixin.py:188} INFO - [2024-08-10T07:17:03.100+0000] {dag.py:3089} INFO - Sync 1 DAGs
[2024-08-10T07:17:03.105+0000] {logging_mixin.py:188} INFO - [2024-08-10T07:17:03.105+0000] {dag.py:3947} INFO - Setting next_dagrun for ETLWeatherPostgres to None, run_after=None
[2024-08-10T07:17:03.114+0000] {processor.py:183} INFO - Processing /opt/airflow/dags/02_ETLWeatherPostgres.py took 0.187 seconds
[2024-08-10T07:17:33.185+0000] {processor.py:161} INFO - Started process (PID=15843) to work on /opt/airflow/dags/02_ETLWeatherPostgres.py
[2024-08-10T07:17:33.186+0000] {processor.py:830} INFO - Processing file /opt/airflow/dags/02_ETLWeatherPostgres.py for tasks to queue
[2024-08-10T07:17:33.186+0000] {logging_mixin.py:188} INFO - [2024-08-10T07:17:33.186+0000] {dagbag.py:545} INFO - Filling up the DagBag from /opt/airflow/dags/02_ETLWeatherPostgres.py
[2024-08-10T07:17:33.344+0000] {processor.py:840} INFO - DAG(s) 'ETLWeatherPostgres' retrieved from /opt/airflow/dags/02_ETLWeatherPostgres.py
[2024-08-10T07:17:33.429+0000] {logging_mixin.py:188} INFO - [2024-08-10T07:17:33.429+0000] {dag.py:3089} INFO - Sync 1 DAGs
[2024-08-10T07:17:33.434+0000] {logging_mixin.py:188} INFO - [2024-08-10T07:17:33.433+0000] {dag.py:3947} INFO - Setting next_dagrun for ETLWeatherPostgres to None, run_after=None
[2024-08-10T07:17:33.441+0000] {processor.py:183} INFO - Processing /opt/airflow/dags/02_ETLWeatherPostgres.py took 0.261 seconds
[2024-08-10T07:18:03.587+0000] {processor.py:161} INFO - Started process (PID=15911) to work on /opt/airflow/dags/02_ETLWeatherPostgres.py
[2024-08-10T07:18:03.588+0000] {processor.py:830} INFO - Processing file /opt/airflow/dags/02_ETLWeatherPostgres.py for tasks to queue
[2024-08-10T07:18:03.588+0000] {logging_mixin.py:188} INFO - [2024-08-10T07:18:03.588+0000] {dagbag.py:545} INFO - Filling up the DagBag from /opt/airflow/dags/02_ETLWeatherPostgres.py
[2024-08-10T07:18:03.726+0000] {processor.py:840} INFO - DAG(s) 'ETLWeatherPostgres' retrieved from /opt/airflow/dags/02_ETLWeatherPostgres.py
[2024-08-10T07:18:03.736+0000] {logging_mixin.py:188} INFO - [2024-08-10T07:18:03.736+0000] {dag.py:3089} INFO - Sync 1 DAGs
[2024-08-10T07:18:03.814+0000] {logging_mixin.py:188} INFO - [2024-08-10T07:18:03.814+0000] {dag.py:3947} INFO - Setting next_dagrun for ETLWeatherPostgres to None, run_after=None
[2024-08-10T07:18:03.822+0000] {processor.py:183} INFO - Processing /opt/airflow/dags/02_ETLWeatherPostgres.py took 0.237 seconds
[2024-08-10T07:18:33.913+0000] {processor.py:161} INFO - Started process (PID=15977) to work on /opt/airflow/dags/02_ETLWeatherPostgres.py
[2024-08-10T07:18:33.913+0000] {processor.py:830} INFO - Processing file /opt/airflow/dags/02_ETLWeatherPostgres.py for tasks to queue
[2024-08-10T07:18:33.914+0000] {logging_mixin.py:188} INFO - [2024-08-10T07:18:33.913+0000] {dagbag.py:545} INFO - Filling up the DagBag from /opt/airflow/dags/02_ETLWeatherPostgres.py
[2024-08-10T07:18:34.051+0000] {processor.py:840} INFO - DAG(s) 'ETLWeatherPostgres' retrieved from /opt/airflow/dags/02_ETLWeatherPostgres.py
[2024-08-10T07:18:34.060+0000] {logging_mixin.py:188} INFO - [2024-08-10T07:18:34.060+0000] {dag.py:3089} INFO - Sync 1 DAGs
[2024-08-10T07:18:34.139+0000] {logging_mixin.py:188} INFO - [2024-08-10T07:18:34.138+0000] {dag.py:3947} INFO - Setting next_dagrun for ETLWeatherPostgres to None, run_after=None
[2024-08-10T07:18:34.146+0000] {processor.py:183} INFO - Processing /opt/airflow/dags/02_ETLWeatherPostgres.py took 0.236 seconds
[2024-08-10T07:19:04.211+0000] {processor.py:161} INFO - Started process (PID=16043) to work on /opt/airflow/dags/02_ETLWeatherPostgres.py
[2024-08-10T07:19:04.211+0000] {processor.py:830} INFO - Processing file /opt/airflow/dags/02_ETLWeatherPostgres.py for tasks to queue
[2024-08-10T07:19:04.212+0000] {logging_mixin.py:188} INFO - [2024-08-10T07:19:04.212+0000] {dagbag.py:545} INFO - Filling up the DagBag from /opt/airflow/dags/02_ETLWeatherPostgres.py
[2024-08-10T07:19:04.469+0000] {processor.py:840} INFO - DAG(s) 'ETLWeatherPostgres' retrieved from /opt/airflow/dags/02_ETLWeatherPostgres.py
[2024-08-10T07:19:04.477+0000] {logging_mixin.py:188} INFO - [2024-08-10T07:19:04.477+0000] {dag.py:3089} INFO - Sync 1 DAGs
[2024-08-10T07:19:04.482+0000] {logging_mixin.py:188} INFO - [2024-08-10T07:19:04.482+0000] {dag.py:3947} INFO - Setting next_dagrun for ETLWeatherPostgres to None, run_after=None
[2024-08-10T07:19:04.488+0000] {processor.py:183} INFO - Processing /opt/airflow/dags/02_ETLWeatherPostgres.py took 0.281 seconds
[2024-08-10T07:19:34.580+0000] {processor.py:161} INFO - Started process (PID=16107) to work on /opt/airflow/dags/02_ETLWeatherPostgres.py
[2024-08-10T07:19:34.581+0000] {processor.py:830} INFO - Processing file /opt/airflow/dags/02_ETLWeatherPostgres.py for tasks to queue
[2024-08-10T07:19:34.582+0000] {logging_mixin.py:188} INFO - [2024-08-10T07:19:34.581+0000] {dagbag.py:545} INFO - Filling up the DagBag from /opt/airflow/dags/02_ETLWeatherPostgres.py
[2024-08-10T07:19:34.825+0000] {processor.py:840} INFO - DAG(s) 'ETLWeatherPostgres' retrieved from /opt/airflow/dags/02_ETLWeatherPostgres.py
[2024-08-10T07:19:34.833+0000] {logging_mixin.py:188} INFO - [2024-08-10T07:19:34.833+0000] {dag.py:3089} INFO - Sync 1 DAGs
[2024-08-10T07:19:34.838+0000] {logging_mixin.py:188} INFO - [2024-08-10T07:19:34.838+0000] {dag.py:3947} INFO - Setting next_dagrun for ETLWeatherPostgres to None, run_after=None
[2024-08-10T07:19:34.845+0000] {processor.py:183} INFO - Processing /opt/airflow/dags/02_ETLWeatherPostgres.py took 0.272 seconds
[2024-08-10T07:20:04.989+0000] {processor.py:161} INFO - Started process (PID=16173) to work on /opt/airflow/dags/02_ETLWeatherPostgres.py
[2024-08-10T07:20:04.990+0000] {processor.py:830} INFO - Processing file /opt/airflow/dags/02_ETLWeatherPostgres.py for tasks to queue
[2024-08-10T07:20:04.991+0000] {logging_mixin.py:188} INFO - [2024-08-10T07:20:04.991+0000] {dagbag.py:545} INFO - Filling up the DagBag from /opt/airflow/dags/02_ETLWeatherPostgres.py
[2024-08-10T07:20:05.242+0000] {processor.py:840} INFO - DAG(s) 'ETLWeatherPostgres' retrieved from /opt/airflow/dags/02_ETLWeatherPostgres.py
[2024-08-10T07:20:05.252+0000] {logging_mixin.py:188} INFO - [2024-08-10T07:20:05.252+0000] {dag.py:3089} INFO - Sync 1 DAGs
[2024-08-10T07:20:05.257+0000] {logging_mixin.py:188} INFO - [2024-08-10T07:20:05.257+0000] {dag.py:3947} INFO - Setting next_dagrun for ETLWeatherPostgres to None, run_after=None
[2024-08-10T07:20:05.264+0000] {processor.py:183} INFO - Processing /opt/airflow/dags/02_ETLWeatherPostgres.py took 0.282 seconds
[2024-08-10T07:20:35.291+0000] {processor.py:161} INFO - Started process (PID=16238) to work on /opt/airflow/dags/02_ETLWeatherPostgres.py
[2024-08-10T07:20:35.293+0000] {processor.py:830} INFO - Processing file /opt/airflow/dags/02_ETLWeatherPostgres.py for tasks to queue
[2024-08-10T07:20:35.294+0000] {logging_mixin.py:188} INFO - [2024-08-10T07:20:35.294+0000] {dagbag.py:545} INFO - Filling up the DagBag from /opt/airflow/dags/02_ETLWeatherPostgres.py
[2024-08-10T07:20:35.531+0000] {processor.py:840} INFO - DAG(s) 'ETLWeatherPostgres' retrieved from /opt/airflow/dags/02_ETLWeatherPostgres.py
[2024-08-10T07:20:35.541+0000] {logging_mixin.py:188} INFO - [2024-08-10T07:20:35.540+0000] {dag.py:3089} INFO - Sync 1 DAGs
[2024-08-10T07:20:35.546+0000] {logging_mixin.py:188} INFO - [2024-08-10T07:20:35.546+0000] {dag.py:3947} INFO - Setting next_dagrun for ETLWeatherPostgres to None, run_after=None
[2024-08-10T07:20:35.552+0000] {processor.py:183} INFO - Processing /opt/airflow/dags/02_ETLWeatherPostgres.py took 0.265 seconds
[2024-08-10T07:21:05.663+0000] {processor.py:161} INFO - Started process (PID=16304) to work on /opt/airflow/dags/02_ETLWeatherPostgres.py
[2024-08-10T07:21:05.667+0000] {processor.py:830} INFO - Processing file /opt/airflow/dags/02_ETLWeatherPostgres.py for tasks to queue
[2024-08-10T07:21:05.668+0000] {logging_mixin.py:188} INFO - [2024-08-10T07:21:05.667+0000] {dagbag.py:545} INFO - Filling up the DagBag from /opt/airflow/dags/02_ETLWeatherPostgres.py
[2024-08-10T07:21:05.917+0000] {processor.py:840} INFO - DAG(s) 'ETLWeatherPostgres' retrieved from /opt/airflow/dags/02_ETLWeatherPostgres.py
[2024-08-10T07:21:05.927+0000] {logging_mixin.py:188} INFO - [2024-08-10T07:21:05.927+0000] {dag.py:3089} INFO - Sync 1 DAGs
[2024-08-10T07:21:05.932+0000] {logging_mixin.py:188} INFO - [2024-08-10T07:21:05.932+0000] {dag.py:3947} INFO - Setting next_dagrun for ETLWeatherPostgres to None, run_after=None
[2024-08-10T07:21:05.939+0000] {processor.py:183} INFO - Processing /opt/airflow/dags/02_ETLWeatherPostgres.py took 0.281 seconds
[2024-08-10T07:21:36.036+0000] {processor.py:161} INFO - Started process (PID=16370) to work on /opt/airflow/dags/02_ETLWeatherPostgres.py
[2024-08-10T07:21:36.037+0000] {processor.py:830} INFO - Processing file /opt/airflow/dags/02_ETLWeatherPostgres.py for tasks to queue
[2024-08-10T07:21:36.037+0000] {logging_mixin.py:188} INFO - [2024-08-10T07:21:36.037+0000] {dagbag.py:545} INFO - Filling up the DagBag from /opt/airflow/dags/02_ETLWeatherPostgres.py
[2024-08-10T07:21:36.291+0000] {processor.py:840} INFO - DAG(s) 'ETLWeatherPostgres' retrieved from /opt/airflow/dags/02_ETLWeatherPostgres.py
[2024-08-10T07:21:36.301+0000] {logging_mixin.py:188} INFO - [2024-08-10T07:21:36.300+0000] {dag.py:3089} INFO - Sync 1 DAGs
[2024-08-10T07:21:36.307+0000] {logging_mixin.py:188} INFO - [2024-08-10T07:21:36.307+0000] {dag.py:3947} INFO - Setting next_dagrun for ETLWeatherPostgres to None, run_after=None
[2024-08-10T07:21:36.315+0000] {processor.py:183} INFO - Processing /opt/airflow/dags/02_ETLWeatherPostgres.py took 0.283 seconds
[2024-08-10T07:22:06.440+0000] {processor.py:161} INFO - Started process (PID=16436) to work on /opt/airflow/dags/02_ETLWeatherPostgres.py
[2024-08-10T07:22:06.441+0000] {processor.py:830} INFO - Processing file /opt/airflow/dags/02_ETLWeatherPostgres.py for tasks to queue
[2024-08-10T07:22:06.442+0000] {logging_mixin.py:188} INFO - [2024-08-10T07:22:06.442+0000] {dagbag.py:545} INFO - Filling up the DagBag from /opt/airflow/dags/02_ETLWeatherPostgres.py
[2024-08-10T07:22:06.696+0000] {processor.py:840} INFO - DAG(s) 'ETLWeatherPostgres' retrieved from /opt/airflow/dags/02_ETLWeatherPostgres.py
[2024-08-10T07:22:06.704+0000] {logging_mixin.py:188} INFO - [2024-08-10T07:22:06.704+0000] {dag.py:3089} INFO - Sync 1 DAGs
[2024-08-10T07:22:06.709+0000] {logging_mixin.py:188} INFO - [2024-08-10T07:22:06.709+0000] {dag.py:3947} INFO - Setting next_dagrun for ETLWeatherPostgres to None, run_after=None
[2024-08-10T07:22:06.717+0000] {processor.py:183} INFO - Processing /opt/airflow/dags/02_ETLWeatherPostgres.py took 0.283 seconds
[2024-08-10T07:22:36.846+0000] {processor.py:161} INFO - Started process (PID=16502) to work on /opt/airflow/dags/02_ETLWeatherPostgres.py
[2024-08-10T07:22:36.847+0000] {processor.py:830} INFO - Processing file /opt/airflow/dags/02_ETLWeatherPostgres.py for tasks to queue
[2024-08-10T07:22:36.847+0000] {logging_mixin.py:188} INFO - [2024-08-10T07:22:36.847+0000] {dagbag.py:545} INFO - Filling up the DagBag from /opt/airflow/dags/02_ETLWeatherPostgres.py
[2024-08-10T07:22:37.091+0000] {processor.py:840} INFO - DAG(s) 'ETLWeatherPostgres' retrieved from /opt/airflow/dags/02_ETLWeatherPostgres.py
[2024-08-10T07:22:37.100+0000] {logging_mixin.py:188} INFO - [2024-08-10T07:22:37.100+0000] {dag.py:3089} INFO - Sync 1 DAGs
[2024-08-10T07:22:37.105+0000] {logging_mixin.py:188} INFO - [2024-08-10T07:22:37.105+0000] {dag.py:3947} INFO - Setting next_dagrun for ETLWeatherPostgres to None, run_after=None
[2024-08-10T07:22:37.112+0000] {processor.py:183} INFO - Processing /opt/airflow/dags/02_ETLWeatherPostgres.py took 0.273 seconds
[2024-08-10T07:23:07.306+0000] {processor.py:161} INFO - Started process (PID=16568) to work on /opt/airflow/dags/02_ETLWeatherPostgres.py
[2024-08-10T07:23:07.309+0000] {processor.py:830} INFO - Processing file /opt/airflow/dags/02_ETLWeatherPostgres.py for tasks to queue
[2024-08-10T07:23:07.311+0000] {logging_mixin.py:188} INFO - [2024-08-10T07:23:07.310+0000] {dagbag.py:545} INFO - Filling up the DagBag from /opt/airflow/dags/02_ETLWeatherPostgres.py
[2024-08-10T07:23:07.555+0000] {processor.py:840} INFO - DAG(s) 'ETLWeatherPostgres' retrieved from /opt/airflow/dags/02_ETLWeatherPostgres.py
[2024-08-10T07:23:07.564+0000] {logging_mixin.py:188} INFO - [2024-08-10T07:23:07.564+0000] {dag.py:3089} INFO - Sync 1 DAGs
[2024-08-10T07:23:07.571+0000] {logging_mixin.py:188} INFO - [2024-08-10T07:23:07.571+0000] {dag.py:3947} INFO - Setting next_dagrun for ETLWeatherPostgres to None, run_after=None
[2024-08-10T07:23:07.578+0000] {processor.py:183} INFO - Processing /opt/airflow/dags/02_ETLWeatherPostgres.py took 0.279 seconds
[2024-08-10T07:23:37.723+0000] {processor.py:161} INFO - Started process (PID=16634) to work on /opt/airflow/dags/02_ETLWeatherPostgres.py
[2024-08-10T07:23:37.724+0000] {processor.py:830} INFO - Processing file /opt/airflow/dags/02_ETLWeatherPostgres.py for tasks to queue
[2024-08-10T07:23:37.725+0000] {logging_mixin.py:188} INFO - [2024-08-10T07:23:37.725+0000] {dagbag.py:545} INFO - Filling up the DagBag from /opt/airflow/dags/02_ETLWeatherPostgres.py
[2024-08-10T07:23:37.969+0000] {processor.py:840} INFO - DAG(s) 'ETLWeatherPostgres' retrieved from /opt/airflow/dags/02_ETLWeatherPostgres.py
[2024-08-10T07:23:37.979+0000] {logging_mixin.py:188} INFO - [2024-08-10T07:23:37.978+0000] {dag.py:3089} INFO - Sync 1 DAGs
[2024-08-10T07:23:37.983+0000] {logging_mixin.py:188} INFO - [2024-08-10T07:23:37.983+0000] {dag.py:3947} INFO - Setting next_dagrun for ETLWeatherPostgres to None, run_after=None
[2024-08-10T07:23:37.990+0000] {processor.py:183} INFO - Processing /opt/airflow/dags/02_ETLWeatherPostgres.py took 0.275 seconds
[2024-08-10T07:24:08.124+0000] {processor.py:161} INFO - Started process (PID=16700) to work on /opt/airflow/dags/02_ETLWeatherPostgres.py
[2024-08-10T07:24:08.127+0000] {processor.py:830} INFO - Processing file /opt/airflow/dags/02_ETLWeatherPostgres.py for tasks to queue
[2024-08-10T07:24:08.130+0000] {logging_mixin.py:188} INFO - [2024-08-10T07:24:08.130+0000] {dagbag.py:545} INFO - Filling up the DagBag from /opt/airflow/dags/02_ETLWeatherPostgres.py
[2024-08-10T07:24:08.383+0000] {processor.py:840} INFO - DAG(s) 'ETLWeatherPostgres' retrieved from /opt/airflow/dags/02_ETLWeatherPostgres.py
[2024-08-10T07:24:08.394+0000] {logging_mixin.py:188} INFO - [2024-08-10T07:24:08.393+0000] {dag.py:3089} INFO - Sync 1 DAGs
[2024-08-10T07:24:08.399+0000] {logging_mixin.py:188} INFO - [2024-08-10T07:24:08.399+0000] {dag.py:3947} INFO - Setting next_dagrun for ETLWeatherPostgres to None, run_after=None
[2024-08-10T07:24:08.407+0000] {processor.py:183} INFO - Processing /opt/airflow/dags/02_ETLWeatherPostgres.py took 0.291 seconds
[2024-08-10T07:24:38.618+0000] {processor.py:161} INFO - Started process (PID=16766) to work on /opt/airflow/dags/02_ETLWeatherPostgres.py
[2024-08-10T07:24:38.622+0000] {processor.py:830} INFO - Processing file /opt/airflow/dags/02_ETLWeatherPostgres.py for tasks to queue
[2024-08-10T07:24:38.623+0000] {logging_mixin.py:188} INFO - [2024-08-10T07:24:38.622+0000] {dagbag.py:545} INFO - Filling up the DagBag from /opt/airflow/dags/02_ETLWeatherPostgres.py
[2024-08-10T07:24:38.876+0000] {processor.py:840} INFO - DAG(s) 'ETLWeatherPostgres' retrieved from /opt/airflow/dags/02_ETLWeatherPostgres.py
[2024-08-10T07:24:38.884+0000] {logging_mixin.py:188} INFO - [2024-08-10T07:24:38.884+0000] {dag.py:3089} INFO - Sync 1 DAGs
[2024-08-10T07:24:38.891+0000] {logging_mixin.py:188} INFO - [2024-08-10T07:24:38.890+0000] {dag.py:3947} INFO - Setting next_dagrun for ETLWeatherPostgres to None, run_after=None
[2024-08-10T07:24:38.898+0000] {processor.py:183} INFO - Processing /opt/airflow/dags/02_ETLWeatherPostgres.py took 0.287 seconds
[2024-08-10T07:25:09.023+0000] {processor.py:161} INFO - Started process (PID=16832) to work on /opt/airflow/dags/02_ETLWeatherPostgres.py
[2024-08-10T07:25:09.024+0000] {processor.py:830} INFO - Processing file /opt/airflow/dags/02_ETLWeatherPostgres.py for tasks to queue
[2024-08-10T07:25:09.025+0000] {logging_mixin.py:188} INFO - [2024-08-10T07:25:09.024+0000] {dagbag.py:545} INFO - Filling up the DagBag from /opt/airflow/dags/02_ETLWeatherPostgres.py
[2024-08-10T07:25:09.269+0000] {processor.py:840} INFO - DAG(s) 'ETLWeatherPostgres' retrieved from /opt/airflow/dags/02_ETLWeatherPostgres.py
[2024-08-10T07:25:09.278+0000] {logging_mixin.py:188} INFO - [2024-08-10T07:25:09.278+0000] {dag.py:3089} INFO - Sync 1 DAGs
[2024-08-10T07:25:09.283+0000] {logging_mixin.py:188} INFO - [2024-08-10T07:25:09.283+0000] {dag.py:3947} INFO - Setting next_dagrun for ETLWeatherPostgres to None, run_after=None
[2024-08-10T07:25:09.291+0000] {processor.py:183} INFO - Processing /opt/airflow/dags/02_ETLWeatherPostgres.py took 0.273 seconds
[2024-08-10T07:25:39.452+0000] {processor.py:161} INFO - Started process (PID=16898) to work on /opt/airflow/dags/02_ETLWeatherPostgres.py
[2024-08-10T07:25:39.453+0000] {processor.py:830} INFO - Processing file /opt/airflow/dags/02_ETLWeatherPostgres.py for tasks to queue
[2024-08-10T07:25:39.454+0000] {logging_mixin.py:188} INFO - [2024-08-10T07:25:39.453+0000] {dagbag.py:545} INFO - Filling up the DagBag from /opt/airflow/dags/02_ETLWeatherPostgres.py
[2024-08-10T07:25:39.712+0000] {processor.py:840} INFO - DAG(s) 'ETLWeatherPostgres' retrieved from /opt/airflow/dags/02_ETLWeatherPostgres.py
[2024-08-10T07:25:39.721+0000] {logging_mixin.py:188} INFO - [2024-08-10T07:25:39.721+0000] {dag.py:3089} INFO - Sync 1 DAGs
[2024-08-10T07:25:39.726+0000] {logging_mixin.py:188} INFO - [2024-08-10T07:25:39.726+0000] {dag.py:3947} INFO - Setting next_dagrun for ETLWeatherPostgres to None, run_after=None
[2024-08-10T07:25:39.734+0000] {processor.py:183} INFO - Processing /opt/airflow/dags/02_ETLWeatherPostgres.py took 0.288 seconds
[2024-08-10T07:26:09.801+0000] {processor.py:161} INFO - Started process (PID=16964) to work on /opt/airflow/dags/02_ETLWeatherPostgres.py
[2024-08-10T07:26:09.803+0000] {processor.py:830} INFO - Processing file /opt/airflow/dags/02_ETLWeatherPostgres.py for tasks to queue
[2024-08-10T07:26:09.804+0000] {logging_mixin.py:188} INFO - [2024-08-10T07:26:09.804+0000] {dagbag.py:545} INFO - Filling up the DagBag from /opt/airflow/dags/02_ETLWeatherPostgres.py
[2024-08-10T07:26:10.065+0000] {processor.py:840} INFO - DAG(s) 'ETLWeatherPostgres' retrieved from /opt/airflow/dags/02_ETLWeatherPostgres.py
[2024-08-10T07:26:10.075+0000] {logging_mixin.py:188} INFO - [2024-08-10T07:26:10.075+0000] {dag.py:3089} INFO - Sync 1 DAGs
[2024-08-10T07:26:10.081+0000] {logging_mixin.py:188} INFO - [2024-08-10T07:26:10.081+0000] {dag.py:3947} INFO - Setting next_dagrun for ETLWeatherPostgres to None, run_after=None
[2024-08-10T07:26:10.088+0000] {processor.py:183} INFO - Processing /opt/airflow/dags/02_ETLWeatherPostgres.py took 0.292 seconds
[2024-08-10T07:26:40.290+0000] {processor.py:161} INFO - Started process (PID=17029) to work on /opt/airflow/dags/02_ETLWeatherPostgres.py
[2024-08-10T07:26:40.290+0000] {processor.py:830} INFO - Processing file /opt/airflow/dags/02_ETLWeatherPostgres.py for tasks to queue
[2024-08-10T07:26:40.291+0000] {logging_mixin.py:188} INFO - [2024-08-10T07:26:40.291+0000] {dagbag.py:545} INFO - Filling up the DagBag from /opt/airflow/dags/02_ETLWeatherPostgres.py
[2024-08-10T07:26:40.528+0000] {processor.py:840} INFO - DAG(s) 'ETLWeatherPostgres' retrieved from /opt/airflow/dags/02_ETLWeatherPostgres.py
[2024-08-10T07:26:40.537+0000] {logging_mixin.py:188} INFO - [2024-08-10T07:26:40.537+0000] {dag.py:3089} INFO - Sync 1 DAGs
[2024-08-10T07:26:40.542+0000] {logging_mixin.py:188} INFO - [2024-08-10T07:26:40.542+0000] {dag.py:3947} INFO - Setting next_dagrun for ETLWeatherPostgres to None, run_after=None
[2024-08-10T07:26:40.549+0000] {processor.py:183} INFO - Processing /opt/airflow/dags/02_ETLWeatherPostgres.py took 0.264 seconds
[2024-08-10T07:27:10.683+0000] {processor.py:161} INFO - Started process (PID=17095) to work on /opt/airflow/dags/02_ETLWeatherPostgres.py
[2024-08-10T07:27:10.684+0000] {processor.py:830} INFO - Processing file /opt/airflow/dags/02_ETLWeatherPostgres.py for tasks to queue
[2024-08-10T07:27:10.685+0000] {logging_mixin.py:188} INFO - [2024-08-10T07:27:10.685+0000] {dagbag.py:545} INFO - Filling up the DagBag from /opt/airflow/dags/02_ETLWeatherPostgres.py
[2024-08-10T07:27:10.955+0000] {processor.py:840} INFO - DAG(s) 'ETLWeatherPostgres' retrieved from /opt/airflow/dags/02_ETLWeatherPostgres.py
[2024-08-10T07:27:10.965+0000] {logging_mixin.py:188} INFO - [2024-08-10T07:27:10.965+0000] {dag.py:3089} INFO - Sync 1 DAGs
[2024-08-10T07:27:10.972+0000] {logging_mixin.py:188} INFO - [2024-08-10T07:27:10.971+0000] {dag.py:3947} INFO - Setting next_dagrun for ETLWeatherPostgres to None, run_after=None
[2024-08-10T07:27:10.980+0000] {processor.py:183} INFO - Processing /opt/airflow/dags/02_ETLWeatherPostgres.py took 0.305 seconds
[2024-08-10T07:27:41.167+0000] {processor.py:161} INFO - Started process (PID=17161) to work on /opt/airflow/dags/02_ETLWeatherPostgres.py
[2024-08-10T07:27:41.172+0000] {processor.py:830} INFO - Processing file /opt/airflow/dags/02_ETLWeatherPostgres.py for tasks to queue
[2024-08-10T07:27:41.174+0000] {logging_mixin.py:188} INFO - [2024-08-10T07:27:41.174+0000] {dagbag.py:545} INFO - Filling up the DagBag from /opt/airflow/dags/02_ETLWeatherPostgres.py
[2024-08-10T07:27:41.417+0000] {processor.py:840} INFO - DAG(s) 'ETLWeatherPostgres' retrieved from /opt/airflow/dags/02_ETLWeatherPostgres.py
[2024-08-10T07:27:41.425+0000] {logging_mixin.py:188} INFO - [2024-08-10T07:27:41.425+0000] {dag.py:3089} INFO - Sync 1 DAGs
[2024-08-10T07:27:41.430+0000] {logging_mixin.py:188} INFO - [2024-08-10T07:27:41.430+0000] {dag.py:3947} INFO - Setting next_dagrun for ETLWeatherPostgres to None, run_after=None
[2024-08-10T07:27:41.438+0000] {processor.py:183} INFO - Processing /opt/airflow/dags/02_ETLWeatherPostgres.py took 0.278 seconds
[2024-08-10T07:28:11.613+0000] {processor.py:161} INFO - Started process (PID=17227) to work on /opt/airflow/dags/02_ETLWeatherPostgres.py
[2024-08-10T07:28:11.614+0000] {processor.py:830} INFO - Processing file /opt/airflow/dags/02_ETLWeatherPostgres.py for tasks to queue
[2024-08-10T07:28:11.615+0000] {logging_mixin.py:188} INFO - [2024-08-10T07:28:11.615+0000] {dagbag.py:545} INFO - Filling up the DagBag from /opt/airflow/dags/02_ETLWeatherPostgres.py
[2024-08-10T07:28:11.873+0000] {processor.py:840} INFO - DAG(s) 'ETLWeatherPostgres' retrieved from /opt/airflow/dags/02_ETLWeatherPostgres.py
[2024-08-10T07:28:11.882+0000] {logging_mixin.py:188} INFO - [2024-08-10T07:28:11.882+0000] {dag.py:3089} INFO - Sync 1 DAGs
[2024-08-10T07:28:11.888+0000] {logging_mixin.py:188} INFO - [2024-08-10T07:28:11.888+0000] {dag.py:3947} INFO - Setting next_dagrun for ETLWeatherPostgres to None, run_after=None
[2024-08-10T07:28:11.897+0000] {processor.py:183} INFO - Processing /opt/airflow/dags/02_ETLWeatherPostgres.py took 0.286 seconds
[2024-08-10T07:28:42.105+0000] {processor.py:161} INFO - Started process (PID=17293) to work on /opt/airflow/dags/02_ETLWeatherPostgres.py
[2024-08-10T07:28:42.106+0000] {processor.py:830} INFO - Processing file /opt/airflow/dags/02_ETLWeatherPostgres.py for tasks to queue
[2024-08-10T07:28:42.106+0000] {logging_mixin.py:188} INFO - [2024-08-10T07:28:42.106+0000] {dagbag.py:545} INFO - Filling up the DagBag from /opt/airflow/dags/02_ETLWeatherPostgres.py
[2024-08-10T07:28:42.369+0000] {processor.py:840} INFO - DAG(s) 'ETLWeatherPostgres' retrieved from /opt/airflow/dags/02_ETLWeatherPostgres.py
[2024-08-10T07:28:42.379+0000] {logging_mixin.py:188} INFO - [2024-08-10T07:28:42.379+0000] {dag.py:3089} INFO - Sync 1 DAGs
[2024-08-10T07:28:42.385+0000] {logging_mixin.py:188} INFO - [2024-08-10T07:28:42.384+0000] {dag.py:3947} INFO - Setting next_dagrun for ETLWeatherPostgres to None, run_after=None
[2024-08-10T07:28:42.393+0000] {processor.py:183} INFO - Processing /opt/airflow/dags/02_ETLWeatherPostgres.py took 0.292 seconds
[2024-08-10T07:29:12.811+0000] {processor.py:161} INFO - Started process (PID=17361) to work on /opt/airflow/dags/02_ETLWeatherPostgres.py
[2024-08-10T07:29:12.812+0000] {processor.py:830} INFO - Processing file /opt/airflow/dags/02_ETLWeatherPostgres.py for tasks to queue
[2024-08-10T07:29:12.813+0000] {logging_mixin.py:188} INFO - [2024-08-10T07:29:12.813+0000] {dagbag.py:545} INFO - Filling up the DagBag from /opt/airflow/dags/02_ETLWeatherPostgres.py
[2024-08-10T07:29:13.053+0000] {processor.py:840} INFO - DAG(s) 'ETLWeatherPostgres' retrieved from /opt/airflow/dags/02_ETLWeatherPostgres.py
[2024-08-10T07:29:13.061+0000] {logging_mixin.py:188} INFO - [2024-08-10T07:29:13.061+0000] {dag.py:3089} INFO - Sync 1 DAGs
[2024-08-10T07:29:13.066+0000] {logging_mixin.py:188} INFO - [2024-08-10T07:29:13.066+0000] {dag.py:3947} INFO - Setting next_dagrun for ETLWeatherPostgres to None, run_after=None
[2024-08-10T07:29:13.078+0000] {processor.py:183} INFO - Processing /opt/airflow/dags/02_ETLWeatherPostgres.py took 0.272 seconds
[2024-08-10T07:29:43.352+0000] {processor.py:161} INFO - Started process (PID=17433) to work on /opt/airflow/dags/02_ETLWeatherPostgres.py
[2024-08-10T07:29:43.353+0000] {processor.py:830} INFO - Processing file /opt/airflow/dags/02_ETLWeatherPostgres.py for tasks to queue
[2024-08-10T07:29:43.353+0000] {logging_mixin.py:188} INFO - [2024-08-10T07:29:43.353+0000] {dagbag.py:545} INFO - Filling up the DagBag from /opt/airflow/dags/02_ETLWeatherPostgres.py
[2024-08-10T07:29:43.602+0000] {processor.py:840} INFO - DAG(s) 'ETLWeatherPostgres' retrieved from /opt/airflow/dags/02_ETLWeatherPostgres.py
[2024-08-10T07:29:43.611+0000] {logging_mixin.py:188} INFO - [2024-08-10T07:29:43.611+0000] {dag.py:3089} INFO - Sync 1 DAGs
[2024-08-10T07:29:43.616+0000] {logging_mixin.py:188} INFO - [2024-08-10T07:29:43.616+0000] {dag.py:3947} INFO - Setting next_dagrun for ETLWeatherPostgres to None, run_after=None
[2024-08-10T07:29:43.623+0000] {processor.py:183} INFO - Processing /opt/airflow/dags/02_ETLWeatherPostgres.py took 0.274 seconds
[2024-08-10T07:30:13.837+0000] {processor.py:161} INFO - Started process (PID=17501) to work on /opt/airflow/dags/02_ETLWeatherPostgres.py
[2024-08-10T07:30:13.838+0000] {processor.py:830} INFO - Processing file /opt/airflow/dags/02_ETLWeatherPostgres.py for tasks to queue
[2024-08-10T07:30:13.839+0000] {logging_mixin.py:188} INFO - [2024-08-10T07:30:13.839+0000] {dagbag.py:545} INFO - Filling up the DagBag from /opt/airflow/dags/02_ETLWeatherPostgres.py
[2024-08-10T07:30:14.087+0000] {processor.py:840} INFO - DAG(s) 'ETLWeatherPostgres' retrieved from /opt/airflow/dags/02_ETLWeatherPostgres.py
[2024-08-10T07:30:14.097+0000] {logging_mixin.py:188} INFO - [2024-08-10T07:30:14.097+0000] {dag.py:3089} INFO - Sync 1 DAGs
[2024-08-10T07:30:14.102+0000] {logging_mixin.py:188} INFO - [2024-08-10T07:30:14.102+0000] {dag.py:3947} INFO - Setting next_dagrun for ETLWeatherPostgres to None, run_after=None
[2024-08-10T07:30:14.109+0000] {processor.py:183} INFO - Processing /opt/airflow/dags/02_ETLWeatherPostgres.py took 0.279 seconds
[2024-08-10T07:30:44.436+0000] {processor.py:161} INFO - Started process (PID=17568) to work on /opt/airflow/dags/02_ETLWeatherPostgres.py
[2024-08-10T07:30:44.438+0000] {processor.py:830} INFO - Processing file /opt/airflow/dags/02_ETLWeatherPostgres.py for tasks to queue
[2024-08-10T07:30:44.439+0000] {logging_mixin.py:188} INFO - [2024-08-10T07:30:44.439+0000] {dagbag.py:545} INFO - Filling up the DagBag from /opt/airflow/dags/02_ETLWeatherPostgres.py
[2024-08-10T07:30:44.684+0000] {processor.py:840} INFO - DAG(s) 'ETLWeatherPostgres' retrieved from /opt/airflow/dags/02_ETLWeatherPostgres.py
[2024-08-10T07:30:44.693+0000] {logging_mixin.py:188} INFO - [2024-08-10T07:30:44.693+0000] {dag.py:3089} INFO - Sync 1 DAGs
[2024-08-10T07:30:44.698+0000] {logging_mixin.py:188} INFO - [2024-08-10T07:30:44.698+0000] {dag.py:3947} INFO - Setting next_dagrun for ETLWeatherPostgres to None, run_after=None
[2024-08-10T07:30:44.706+0000] {processor.py:183} INFO - Processing /opt/airflow/dags/02_ETLWeatherPostgres.py took 0.277 seconds
[2024-08-10T07:31:14.826+0000] {processor.py:161} INFO - Started process (PID=17636) to work on /opt/airflow/dags/02_ETLWeatherPostgres.py
[2024-08-10T07:31:14.827+0000] {processor.py:830} INFO - Processing file /opt/airflow/dags/02_ETLWeatherPostgres.py for tasks to queue
[2024-08-10T07:31:14.828+0000] {logging_mixin.py:188} INFO - [2024-08-10T07:31:14.827+0000] {dagbag.py:545} INFO - Filling up the DagBag from /opt/airflow/dags/02_ETLWeatherPostgres.py
[2024-08-10T07:31:15.072+0000] {processor.py:840} INFO - DAG(s) 'ETLWeatherPostgres' retrieved from /opt/airflow/dags/02_ETLWeatherPostgres.py
[2024-08-10T07:31:15.081+0000] {logging_mixin.py:188} INFO - [2024-08-10T07:31:15.081+0000] {dag.py:3089} INFO - Sync 1 DAGs
[2024-08-10T07:31:15.086+0000] {logging_mixin.py:188} INFO - [2024-08-10T07:31:15.086+0000] {dag.py:3947} INFO - Setting next_dagrun for ETLWeatherPostgres to None, run_after=None
[2024-08-10T07:31:15.094+0000] {processor.py:183} INFO - Processing /opt/airflow/dags/02_ETLWeatherPostgres.py took 0.274 seconds
