[2024-08-10T06:48:48.977+0000] {local_task_job_runner.py:120} INFO - ::group::Pre task execution logs
[2024-08-10T06:48:48.987+0000] {taskinstance.py:2076} INFO - Dependencies all met for dep_context=non-requeueable deps ti=<TaskInstance: ETLWeatherPrint.transform manual__2024-08-10T06:48:46.161335+00:00 [queued]>
[2024-08-10T06:48:48.990+0000] {taskinstance.py:2076} INFO - Dependencies all met for dep_context=requeueable deps ti=<TaskInstance: ETLWeatherPrint.transform manual__2024-08-10T06:48:46.161335+00:00 [queued]>
[2024-08-10T06:48:48.990+0000] {taskinstance.py:2306} INFO - Starting attempt 1 of 1
[2024-08-10T06:48:48.995+0000] {taskinstance.py:2330} INFO - Executing <Task(_PythonDecoratedOperator): transform> on 2024-08-10 06:48:46.161335+00:00
[2024-08-10T06:48:48.998+0000] {warnings.py:112} WARNING - /home/***/.local/lib/python3.12/site-packages/***/task/task_runner/standard_task_runner.py:62: DeprecationWarning: This process (pid=1489) is multi-threaded, use of fork() may lead to deadlocks in the child.
  pid = os.fork()

[2024-08-10T06:48:49.001+0000] {standard_task_runner.py:64} INFO - Started process 1491 to run task
[2024-08-10T06:48:49.000+0000] {standard_task_runner.py:90} INFO - Running: ['***', 'tasks', 'run', 'ETLWeatherPrint', 'transform', 'manual__2024-08-10T06:48:46.161335+00:00', '--job-id', '13', '--raw', '--subdir', 'DAGS_FOLDER/01_ETLWeatherPrint.py', '--cfg-path', '/tmp/tmp4pgtph55']
[2024-08-10T06:48:49.001+0000] {standard_task_runner.py:91} INFO - Job 13: Subtask transform
[2024-08-10T06:48:49.021+0000] {task_command.py:426} INFO - Running <TaskInstance: ETLWeatherPrint.transform manual__2024-08-10T06:48:46.161335+00:00 [running]> on host 101007b4e0e8
[2024-08-10T06:48:49.058+0000] {taskinstance.py:2648} INFO - Exporting env vars: AIRFLOW_CTX_DAG_OWNER='***' AIRFLOW_CTX_DAG_ID='ETLWeatherPrint' AIRFLOW_CTX_TASK_ID='transform' AIRFLOW_CTX_EXECUTION_DATE='2024-08-10T06:48:46.161335+00:00' AIRFLOW_CTX_TRY_NUMBER='1' AIRFLOW_CTX_DAG_RUN_ID='manual__2024-08-10T06:48:46.161335+00:00'
[2024-08-10T06:48:49.059+0000] {taskinstance.py:430} INFO - ::endgroup::
[2024-08-10T06:48:49.059+0000] {logging_mixin.py:188} INFO - {"location": {"name": "Seoul", "region": "", "country": "South Korea", "lat": 37.57, "lon": 127.0, "tz_id": "Asia/Seoul", "localtime_epoch": 1723272432, "localtime": "2024-08-10 15:47"}, "current": {"last_updated_epoch": 1723272300, "last_updated": "2024-08-10 15:45", "temp_c": 34.3, "temp_f": 93.8, "is_day": 1, "condition": {"text": "Cloudy", "icon": "//cdn.weatherapi.com/weather/64x64/day/119.png", "code": 1006}, "wind_mph": 8.1, "wind_kph": 13.0, "wind_degree": 226, "wind_dir": "SW", "pressure_mb": 1002.0, "pressure_in": 29.58, "precip_mm": 0.0, "precip_in": 0.0, "humidity": 48, "cloud": 63, "feelslike_c": 39.0, "feelslike_f": 102.3, "windchill_c": 34.3, "windchill_f": 93.8, "heatindex_c": 39.0, "heatindex_f": 102.3, "dewpoint_c": 21.8, "dewpoint_f": 71.2, "vis_km": 10.0, "vis_miles": 6.0, "uv": 7.0, "gust_mph": 9.3, "gust_kph": 14.9}}
[2024-08-10T06:48:49.063+0000] {python.py:237} INFO - Done. Returned value was: [{'location': 'Seoul', 'temp_c': 34.3, 'wind_kph': 13.0, 'timestamp': '2024-08-10T06:47:12+09:00'}]
[2024-08-10T06:48:49.063+0000] {taskinstance.py:441} INFO - ::group::Post task execution logs
[2024-08-10T06:48:49.072+0000] {taskinstance.py:1206} INFO - Marking task as SUCCESS. dag_id=ETLWeatherPrint, task_id=transform, run_id=manual__2024-08-10T06:48:46.161335+00:00, execution_date=20240810T064846, start_date=20240810T064848, end_date=20240810T064849
[2024-08-10T06:48:49.100+0000] {local_task_job_runner.py:243} INFO - Task exited with return code 0
[2024-08-10T06:48:49.110+0000] {taskinstance.py:3503} INFO - 1 downstream tasks scheduled from follow-on schedule check
[2024-08-10T06:48:49.110+0000] {local_task_job_runner.py:222} INFO - ::endgroup::
